f:\landlords\mymfc_playingcard\debug\mymfc_playingcard.pch
f:\landlords\mymfc_playingcard\debug\vc141.pdb
f:\landlords\mymfc_playingcard\debug\vc141.idb
f:\landlords\mymfc_playingcard\debug\stdafx.obj
f:\landlords\mymfc_playingcard\debug\card.obj
f:\landlords\mymfc_playingcard\debug\cardmap.obj
f:\landlords\mymfc_playingcard\debug\cardrule.obj
f:\landlords\mymfc_playingcard\debug\computer.obj
f:\landlords\mymfc_playingcard\debug\drawcard.obj
f:\landlords\mymfc_playingcard\debug\drawitem.obj
f:\landlords\mymfc_playingcard\debug\game.obj
f:\landlords\mymfc_playingcard\debug\mainfrm.obj
f:\landlords\mymfc_playingcard\debug\mymfc_playingcard.obj
f:\landlords\mymfc_playingcard\debug\playcard.obj
f:\landlords\mymfc_playingcard\debug\player.obj
f:\landlords\mymfc_playingcard\debug\role.obj
f:\landlords\mymfc_playingcard\debug\stardlg.obj
f:\landlords\mymfc_playingcard\debug\mymfc_pl.e76b172a.tlog\cl.command.1.tlog
f:\landlords\mymfc_playingcard\debug\mymfc_pl.e76b172a.tlog\cl.read.1.tlog
f:\landlords\mymfc_playingcard\debug\mymfc_pl.e76b172a.tlog\cl.write.1.tlog
f:\landlords\mymfc_playingcard\debug\mymfc_pl.e76b172a.tlog\rc.command.1.tlog
f:\landlords\mymfc_playingcard\debug\mymfc_pl.e76b172a.tlog\rc.read.1.tlog
f:\landlords\mymfc_playingcard\debug\mymfc_pl.e76b172a.tlog\rc.write.1.tlog
